<?xml version="1.0" encoding="UTF-8"?>
<testsuite xmlns:xsi="http://www.w3.org/2001/XMLSchema-instance" xsi:schemaLocation="https://maven.apache.org/surefire/maven-surefire-plugin/xsd/surefire-test-report.xsd" name="TestSuite" time="46.512" tests="3" errors="0" skipped="0" failures="0">
  <properties>
[...]
</properties>
  <testcase name="runScenario" classname="Runner_Files.Landing_Welcome_Page_Runner" time="19.572"/>
  <testcase name="runScenario" classname="Runner_Files.Landing_Welcome_Page_Runner" time="4.781"/>
  <testcase name="runScenario" classname="Runner_Files.Landing_Welcome_Page_Runner" time="16.654"/>
</testsuite>