<?xml version="1.0" encoding="UTF-8"?>
<testng-results ignored="0" total="3" passed="3" failed="0" skipped="0">
  <reporter-output>
  </reporter-output>
  <suite started-at="2021-04-14T11:05:48 IST" name="Suite" finished-at="2021-04-14T11:06:33 IST" duration-ms="45649">
    <groups>
      <group name="cucumber">
        <method signature="AbstractTestNGCucumberTests.runScenario(io.cucumber.testng.PickleWrapper, io.cucumber.testng.FeatureWrapper)[pri:0, instance:Runner_Files.Landing_Welcome_Page_Runner@436a4e4b]" name="runScenario" class="io.cucumber.testng.AbstractTestNGCucumberTests"/>
      </group> <!-- cucumber -->
    </groups>
    <test started-at="2021-04-14T11:05:48 IST" name="Test" finished-at="2021-04-14T11:06:33 IST" duration-ms="45649">
      <class name="Runner_Files.Landing_Welcome_Page_Runner">
        <test-method is-config="true" signature="setUpClass()[pri:0, instance:Runner_Files.Landing_Welcome_Page_Runner@436a4e4b]" started-at="2021-04-14T11:05:48 IST" name="setUpClass" finished-at="2021-04-14T11:05:49 IST" duration-ms="1439" status="PASS">
          <reporter-output>
          </reporter-output>
        </test-method> <!-- setUpClass -->
        <test-method signature="runScenario(io.cucumber.testng.PickleWrapper, io.cucumber.testng.FeatureWrapper)[pri:0, instance:Runner_Files.Landing_Welcome_Page_Runner@436a4e4b]" started-at="2021-04-14T11:05:49 IST" name="runScenario" description="Runs Cucumber Scenarios" data-provider="scenarios" finished-at="2021-04-14T11:06:09 IST" duration-ms="19568" status="PASS">
          <params>
            <param index="0">
              <value>
                <![CDATA["Validate that the user is navigated to Welcome page"]]>
              </value>
            </param>
            <param index="1">
              <value>
                <![CDATA["Optional[User must be able to see Welcome Screen,Login and Sign up]"]]>
              </value>
            </param>
          </params>
          <reporter-output>
          </reporter-output>
        </test-method> <!-- runScenario -->
        <test-method signature="runScenario(io.cucumber.testng.PickleWrapper, io.cucumber.testng.FeatureWrapper)[pri:0, instance:Runner_Files.Landing_Welcome_Page_Runner@436a4e4b]" started-at="2021-04-14T11:06:09 IST" name="runScenario" description="Runs Cucumber Scenarios" data-provider="scenarios" finished-at="2021-04-14T11:06:13 IST" duration-ms="4786" status="PASS">
          <params>
            <param index="0">
              <value>
                <![CDATA["Validate user is able to click on Login button and navigate to Login page"]]>
              </value>
            </param>
            <param index="1">
              <value>
                <![CDATA["Optional[User must be able to see Welcome Screen,Login and Sign up]"]]>
              </value>
            </param>
          </params>
          <reporter-output>
          </reporter-output>
        </test-method> <!-- runScenario -->
        <test-method signature="runScenario(io.cucumber.testng.PickleWrapper, io.cucumber.testng.FeatureWrapper)[pri:0, instance:Runner_Files.Landing_Welcome_Page_Runner@436a4e4b]" started-at="2021-04-14T11:06:13 IST" name="runScenario" description="Runs Cucumber Scenarios" data-provider="scenarios" finished-at="2021-04-14T11:06:30 IST" duration-ms="16653" status="PASS">
          <params>
            <param index="0">
              <value>
                <![CDATA["Validate user is able to click on Sign Up button and navigate to Sign Up page"]]>
              </value>
            </param>
            <param index="1">
              <value>
                <![CDATA["Optional[User must be able to see Welcome Screen,Login and Sign up]"]]>
              </value>
            </param>
          </params>
          <reporter-output>
          </reporter-output>
        </test-method> <!-- runScenario -->
        <test-method is-config="true" signature="tearDownClass()[pri:0, instance:Runner_Files.Landing_Welcome_Page_Runner@436a4e4b]" started-at="2021-04-14T11:06:30 IST" name="tearDownClass" finished-at="2021-04-14T11:06:33 IST" duration-ms="3155" status="PASS">
          <reporter-output>
          </reporter-output>
        </test-method> <!-- tearDownClass -->
      </class> <!-- Runner_Files.Landing_Welcome_Page_Runner -->
    </test> <!-- Test -->
  </suite> <!-- Suite -->
</testng-results>
